
================================================================================
Tue Jan 15 12:43:29 2013
 [Err]Unable to open /opt/NDIoapi/ndigital/etherlink.so: /opt/NDIoapi/ndigital/etherlink.so: cannot open shared object file: No such file or directory
Tue Jan 15 12:43:29 2013
 [Err]Unable to initialize communications with the OPTOTRAK system
Tue Jan 15 12:43:29 2013
 [Err]MessageSystem: Destination 0 is not present. MessageId 1112.
Tue Jan 15 12:43:29 2013
 [Err]Optotrak: Failed sending de-activate markers.
Tue Jan 15 12:43:29 2013
 [Err]MessageSystem: Failed sending message header.

================================================================================
Thu Jan 17 15:52:48 2013
 [Err]Unable to open /opt/NDIoapi/ndigital/etherlink.so: /opt/NDIoapi/ndigital/etherlink.so: cannot open shared object file: No such file or directory
Thu Jan 17 15:52:48 2013
 [Err]Unable to initialize communications with the OPTOTRAK system
Thu Jan 17 15:52:48 2013
 [Err]MessageSystem: Destination 0 is not present. MessageId 1112.
Thu Jan 17 15:52:48 2013
 [Err]Optotrak: Failed sending de-activate markers.
Thu Jan 17 15:52:48 2013
 [Err]MessageSystem: Failed sending message header.

================================================================================
Thu Jan 17 15:53:32 2013
 [Err]Unable to open /opt/NDIoapi/ndigital/etherlink.so: /opt/NDIoapi/ndigital/etherlink.so: cannot open shared object file: No such file or directory
Thu Jan 17 15:53:32 2013
 [Err]Unable to initialize communications with the OPTOTRAK system
Thu Jan 17 15:53:32 2013
 [Err]MessageSystem: Destination 0 is not present. MessageId 1112.
Thu Jan 17 15:53:32 2013
 [Err]Optotrak: Failed sending de-activate markers.
Thu Jan 17 15:53:32 2013
 [Err]MessageSystem: Failed sending message header.

================================================================================
Thu Jan 17 15:58:38 2013
 [Err]A communications error occurred while trying to get an acknowledge from the OPTOTRAK.  Please ensure that all cables are properly connected and that all components are turned on.
Thu Jan 17 15:58:38 2013
 [Err]MessageSystem: Destination 0 is not present. MessageId 1112.
Thu Jan 17 15:58:38 2013
 [Err]Optotrak: Failed sending de-activate markers.
Thu Jan 17 15:58:38 2013
 [Err]MessageSystem: Failed sending message header.

================================================================================
Thu Jan 17 16:07:27 2013
 [Err]Unable to initialize communications with the OPTOTRAK system
Thu Jan 17 16:07:27 2013
 [Err]MessageSystem: Destination 0 is not present. MessageId 1112.
Thu Jan 17 16:07:27 2013
 [Err]Optotrak: Failed sending de-activate markers.
Thu Jan 17 16:07:27 2013
 [Err]MessageSystem: Failed sending message header.

================================================================================
Thu Jan 17 16:14:39 2013
 [Err]A communications error occurred while trying to get an acknowledge from the OPTOTRAK.  Please ensure that all cables are properly connected and that all components are turned on.
Thu Jan 17 16:14:39 2013
 [Err]MessageSystem: Destination 0 is not present. MessageId 1112.
Thu Jan 17 16:14:39 2013
 [Err]Optotrak: Failed sending de-activate markers.
Thu Jan 17 16:14:39 2013
 [Err]MessageSystem: Failed sending message header.

================================================================================
Thu Jan 17 16:15:18 2013
 [Err]A communications error occurred while trying to get an acknowledge from the OPTOTRAK.  Please ensure that all cables are properly connected and that all components are turned on.
Thu Jan 17 16:15:18 2013
 [Err]MessageSystem: Destination 0 is not present. MessageId 1112.
Thu Jan 17 16:15:18 2013
 [Err]Optotrak: Failed sending de-activate markers.
Thu Jan 17 16:15:18 2013
 [Err]MessageSystem: Failed sending message header.

================================================================================
Thu Jan 17 16:38:50 2013
 [Err]A communications error occurred while trying to get an acknowledge from the OPTOTRAK.  Please ensure that all cables are properly connected and that all components are turned on.
Thu Jan 17 16:38:50 2013
 [Err]MessageSystem: Destination 0 is not present. MessageId 1112.
Thu Jan 17 16:38:50 2013
 [Err]Optotrak: Failed sending de-activate markers.
Thu Jan 17 16:38:50 2013
 [Err]MessageSystem: Failed sending message header.

================================================================================
Thu Jan 17 16:41:13 2013
 [Err]A communications error occurred while trying to get an acknowledge from the OPTOTRAK.  Please ensure that all cables are properly connected and that all components are turned on.
Thu Jan 17 16:41:13 2013
 [Err]MessageSystem: Destination 0 is not present. MessageId 1112.
Thu Jan 17 16:41:13 2013
 [Err]Optotrak: Failed sending de-activate markers.
Thu Jan 17 16:41:13 2013
 [Err]MessageSystem: Failed sending message header.

================================================================================
Thu Jan 17 16:43:56 2013
 [Err]A communications error occurred while trying to get an acknowledge from the OPTOTRAK.  Please ensure that all cables are properly connected and that all components are turned on.
Thu Jan 17 16:43:56 2013
 [Err]MessageSystem: Destination 0 is not present. MessageId 1112.
Thu Jan 17 16:43:56 2013
 [Err]Optotrak: Failed sending de-activate markers.
Thu Jan 17 16:43:56 2013
 [Err]MessageSystem: Failed sending message header.

================================================================================
Thu Jan 17 16:44:25 2013
 [Err]OptoClearLink - Unable to determine if data is available
Thu Jan 17 16:44:25 2013
 [Err]OptoSetupMessageSystem - Unable to clear data from link
Thu Jan 17 16:44:25 2013
 [Err]OAPI error attempting to initialize communications with the Optotrak System
Thu Jan 17 16:44:25 2013
 [Err]MessageSystem: Destination 0 is not present. MessageId 1112.
Thu Jan 17 16:44:25 2013
 [Err]Optotrak: Failed sending de-activate markers.
Thu Jan 17 16:44:25 2013
 [Err]MessageSystem: Failed sending message header.

================================================================================
Thu Jan 17 16:48:05 2013
 [Err]A communications error occurred while trying to get an acknowledge from the OPTOTRAK.  Please ensure that all cables are properly connected and that all components are turned on.
Thu Jan 17 16:48:05 2013
 [Err]MessageSystem: Destination 0 is not present. MessageId 1112.
Thu Jan 17 16:48:05 2013
 [Err]Optotrak: Failed sending de-activate markers.
Thu Jan 17 16:48:05 2013
 [Err]MessageSystem: Failed sending message header.

================================================================================
Thu Jan 17 16:49:08 2013
 [Err]A communications error occurred while trying to get an acknowledge from the OPTOTRAK.  Please ensure that all cables are properly connected and that all components are turned on.
Thu Jan 17 16:49:08 2013
 [Err]MessageSystem: Destination 0 is not present. MessageId 1112.
Thu Jan 17 16:49:08 2013
 [Err]Optotrak: Failed sending de-activate markers.
Thu Jan 17 16:49:08 2013
 [Err]MessageSystem: Failed sending message header.

================================================================================
Thu Jan 17 17:10:21 2013
 [Err]A communications error occurred while trying to get an acknowledge from the OPTOTRAK.  Please ensure that all cables are properly connected and that all components are turned on.
Thu Jan 17 17:10:21 2013
 [Err]MessageSystem: Destination 0 is not present. MessageId 1112.
Thu Jan 17 17:10:21 2013
 [Err]Optotrak: Failed sending de-activate markers.
Thu Jan 17 17:10:21 2013
 [Err]MessageSystem: Failed sending message header.

================================================================================
Thu Jan 17 17:21:43 2013
 [Err]A communications error occurred while trying to get an acknowledge from the OPTOTRAK.  Please ensure that all cables are properly connected and that all components are turned on.
Thu Jan 17 17:21:43 2013
 [Err]MessageSystem: Destination 0 is not present. MessageId 1112.
Thu Jan 17 17:21:43 2013
 [Err]Optotrak: Failed sending de-activate markers.
Thu Jan 17 17:21:43 2013
 [Err]MessageSystem: Failed sending message header.

================================================================================
Thu Jan 17 17:26:27 2013
 [Err]A communications error occurred while trying to get an acknowledge from the OPTOTRAK.  Please ensure that all cables are properly connected and that all components are turned on.
Thu Jan 17 17:26:27 2013
 [Err]MessageSystem: Destination 0 is not present. MessageId 1112.
Thu Jan 17 17:26:27 2013
 [Err]Optotrak: Failed sending de-activate markers.
Thu Jan 17 17:26:27 2013
 [Err]MessageSystem: Failed sending message header.
